2021-05-20 00:00:21.537  INFO 7092 --- [restartedMain] ru.itlab.BrainMinerApplication           : Starting BrainMinerApplication using Java 1.8.0_271 on DESKTOP-AK1PTLT with PID 7092 (C:\Users\rprob\IdeaProjects\BrainMiners\target\classes started by rprob in C:\Users\rprob\IdeaProjects\BrainMiners)
2021-05-20 00:00:21.542  INFO 7092 --- [restartedMain] ru.itlab.BrainMinerApplication           : No active profile set, falling back to default profiles: default
2021-05-20 00:00:21.605  INFO 7092 --- [restartedMain] o.s.b.devtools.restart.ChangeableUrls    : The Class-Path manifest attribute in C:\Users\rprob\.m2\repository\com\sun\xml\bind\jaxb-core\2.3.0.1\jaxb-core-2.3.0.1.jar referenced one or more files that do not exist: file:/C:/Users/rprob/.m2/repository/com/sun/xml/bind/jaxb-core/2.3.0.1/jaxb-api.jar
2021-05-20 00:00:21.607  INFO 7092 --- [restartedMain] o.s.b.devtools.restart.ChangeableUrls    : The Class-Path manifest attribute in C:\Users\rprob\.m2\repository\com\sun\xml\bind\jaxb-impl\2.3.0.1\jaxb-impl-2.3.0.1.jar referenced one or more files that do not exist: file:/C:/Users/rprob/.m2/repository/com/sun/xml/bind/jaxb-impl/2.3.0.1/jaxb-core.jar
2021-05-20 00:00:21.607  INFO 7092 --- [restartedMain] .e.DevToolsPropertyDefaultsPostProcessor : Devtools property defaults active! Set 'spring.devtools.add-properties' to 'false' to disable
2021-05-20 00:00:21.607  INFO 7092 --- [restartedMain] .e.DevToolsPropertyDefaultsPostProcessor : For additional web related logging consider setting the 'logging.level.web' property to 'DEBUG'
2021-05-20 00:00:22.378  INFO 7092 --- [restartedMain] .s.d.r.c.RepositoryConfigurationDelegate : Multiple Spring Data modules found, entering strict repository configuration mode!
2021-05-20 00:00:22.378  INFO 7092 --- [restartedMain] .s.d.r.c.RepositoryConfigurationDelegate : Bootstrapping Spring Data JPA repositories in DEFAULT mode.
2021-05-20 00:00:22.424  INFO 7092 --- [restartedMain] .s.d.r.c.RepositoryConfigurationDelegate : Finished Spring Data repository scanning in 40 ms. Found 4 JPA repository interfaces.
2021-05-20 00:00:22.554  INFO 7092 --- [restartedMain] .s.d.r.c.RepositoryConfigurationDelegate : Multiple Spring Data modules found, entering strict repository configuration mode!
2021-05-20 00:00:22.555  INFO 7092 --- [restartedMain] .s.d.r.c.RepositoryConfigurationDelegate : Bootstrapping Spring Data JDBC repositories in DEFAULT mode.
2021-05-20 00:00:22.567  INFO 7092 --- [restartedMain] .RepositoryConfigurationExtensionSupport : Spring Data JDBC - Could not safely identify store assignment for repository candidate interface ru.itlab.repositories.MesRepository. If you want this repository to be a JDBC repository, consider annotating your entities with one of these annotations: org.springframework.data.relational.core.mapping.Table.
2021-05-20 00:00:22.568  INFO 7092 --- [restartedMain] .RepositoryConfigurationExtensionSupport : Spring Data JDBC - Could not safely identify store assignment for repository candidate interface ru.itlab.repositories.PropRepository. If you want this repository to be a JDBC repository, consider annotating your entities with one of these annotations: org.springframework.data.relational.core.mapping.Table.
2021-05-20 00:00:22.568  INFO 7092 --- [restartedMain] .RepositoryConfigurationExtensionSupport : Spring Data JDBC - Could not safely identify store assignment for repository candidate interface ru.itlab.repositories.TemplatesRepository. If you want this repository to be a JDBC repository, consider annotating your entities with one of these annotations: org.springframework.data.relational.core.mapping.Table.
2021-05-20 00:00:22.569  INFO 7092 --- [restartedMain] .RepositoryConfigurationExtensionSupport : Spring Data JDBC - Could not safely identify store assignment for repository candidate interface ru.itlab.repositories.UserRepository. If you want this repository to be a JDBC repository, consider annotating your entities with one of these annotations: org.springframework.data.relational.core.mapping.Table.
2021-05-20 00:00:22.569  INFO 7092 --- [restartedMain] .s.d.r.c.RepositoryConfigurationDelegate : Finished Spring Data repository scanning in 14 ms. Found 0 JDBC repository interfaces.
2021-05-20 00:00:22.893  INFO 7092 --- [restartedMain] trationDelegate$BeanPostProcessorChecker : Bean 'org.springframework.security.access.expression.method.DefaultMethodSecurityExpressionHandler@810800f' of type [org.springframework.security.oauth2.provider.expression.OAuth2MethodSecurityExpressionHandler] is not eligible for getting processed by all BeanPostProcessors (for example: not eligible for auto-proxying)
2021-05-20 00:00:22.898  INFO 7092 --- [restartedMain] trationDelegate$BeanPostProcessorChecker : Bean 'methodSecurityMetadataSource' of type [org.springframework.security.access.method.DelegatingMethodSecurityMetadataSource] is not eligible for getting processed by all BeanPostProcessors (for example: not eligible for auto-proxying)
2021-05-20 00:00:23.268  INFO 7092 --- [restartedMain] o.s.b.w.embedded.tomcat.TomcatWebServer  : Tomcat initialized with port(s): 8080 (http)
2021-05-20 00:00:23.275  INFO 7092 --- [restartedMain] o.apache.catalina.core.StandardService   : Starting service [Tomcat]
2021-05-20 00:00:23.275  INFO 7092 --- [restartedMain] org.apache.catalina.core.StandardEngine  : Starting Servlet engine: [Apache Tomcat/9.0.44]
2021-05-20 00:00:23.598  WARN 7092 --- [restartedMain] o.a.tomcat.util.scan.StandardJarScanner  : Failed to scan [file:/C:/Users/rprob/.m2/repository/com/sun/xml/bind/jaxb-core/2.3.0.1/jaxb-api.jar] from classloader hierarchy

java.io.FileNotFoundException: C:\Users\rprob\.m2\repository\com\sun\xml\bind\jaxb-core\2.3.0.1\jaxb-api.jar (Не удается найти указанный файл)
	at java.util.zip.ZipFile.open(Native Method) ~[na:1.8.0_271]
	at java.util.zip.ZipFile.<init>(ZipFile.java:225) ~[na:1.8.0_271]
	at java.util.zip.ZipFile.<init>(ZipFile.java:155) ~[na:1.8.0_271]
	at java.util.jar.JarFile.<init>(JarFile.java:167) ~[na:1.8.0_271]
	at java.util.jar.JarFile.<init>(JarFile.java:131) ~[na:1.8.0_271]
	at org.apache.tomcat.util.compat.JreCompat.jarFileNewInstance(JreCompat.java:241) ~[tomcat-embed-core-9.0.44.jar:9.0.44]
	at org.apache.tomcat.util.scan.JarFileUrlJar.<init>(JarFileUrlJar.java:65) ~[tomcat-embed-core-9.0.44.jar:9.0.44]
	at org.apache.tomcat.util.scan.JarFactory.newInstance(JarFactory.java:49) ~[tomcat-embed-core-9.0.44.jar:9.0.44]
	at org.apache.tomcat.util.scan.StandardJarScanner.process(StandardJarScanner.java:383) [tomcat-embed-core-9.0.44.jar:9.0.44]
	at org.apache.tomcat.util.scan.StandardJarScanner.processURLs(StandardJarScanner.java:318) [tomcat-embed-core-9.0.44.jar:9.0.44]
	at org.apache.tomcat.util.scan.StandardJarScanner.doScanClassPath(StandardJarScanner.java:270) [tomcat-embed-core-9.0.44.jar:9.0.44]
	at org.apache.tomcat.util.scan.StandardJarScanner.scan(StandardJarScanner.java:233) [tomcat-embed-core-9.0.44.jar:9.0.44]
	at org.apache.jasper.servlet.TldScanner.scanJars(TldScanner.java:262) [tomcat-embed-jasper-9.0.44.jar:9.0.44]
	at org.apache.jasper.servlet.TldScanner.scan(TldScanner.java:104) [tomcat-embed-jasper-9.0.44.jar:9.0.44]
	at org.apache.jasper.servlet.JasperInitializer.onStartup(JasperInitializer.java:83) [tomcat-embed-jasper-9.0.44.jar:9.0.44]
	at org.apache.catalina.core.StandardContext.startInternal(StandardContext.java:5166) [tomcat-embed-core-9.0.44.jar:9.0.44]
	at org.apache.catalina.util.LifecycleBase.start(LifecycleBase.java:183) [tomcat-embed-core-9.0.44.jar:9.0.44]
	at org.apache.catalina.core.ContainerBase$StartChild.call(ContainerBase.java:1384) [tomcat-embed-core-9.0.44.jar:9.0.44]
	at org.apache.catalina.core.ContainerBase$StartChild.call(ContainerBase.java:1374) [tomcat-embed-core-9.0.44.jar:9.0.44]
	at java.util.concurrent.FutureTask.run(FutureTask.java:266) [na:1.8.0_271]
	at org.apache.tomcat.util.threads.InlineExecutorService.execute(InlineExecutorService.java:75) [tomcat-embed-core-9.0.44.jar:9.0.44]
	at java.util.concurrent.AbstractExecutorService.submit(AbstractExecutorService.java:134) [na:1.8.0_271]
	at org.apache.catalina.core.ContainerBase.startInternal(ContainerBase.java:909) [tomcat-embed-core-9.0.44.jar:9.0.44]
	at org.apache.catalina.core.StandardHost.startInternal(StandardHost.java:843) [tomcat-embed-core-9.0.44.jar:9.0.44]
	at org.apache.catalina.util.LifecycleBase.start(LifecycleBase.java:183) [tomcat-embed-core-9.0.44.jar:9.0.44]
	at org.apache.catalina.core.ContainerBase$StartChild.call(ContainerBase.java:1384) [tomcat-embed-core-9.0.44.jar:9.0.44]
	at org.apache.catalina.core.ContainerBase$StartChild.call(ContainerBase.java:1374) [tomcat-embed-core-9.0.44.jar:9.0.44]
	at java.util.concurrent.FutureTask.run(FutureTask.java:266) [na:1.8.0_271]
	at org.apache.tomcat.util.threads.InlineExecutorService.execute(InlineExecutorService.java:75) [tomcat-embed-core-9.0.44.jar:9.0.44]
	at java.util.concurrent.AbstractExecutorService.submit(AbstractExecutorService.java:134) [na:1.8.0_271]
	at org.apache.catalina.core.ContainerBase.startInternal(ContainerBase.java:909) [tomcat-embed-core-9.0.44.jar:9.0.44]
	at org.apache.catalina.core.StandardEngine.startInternal(StandardEngine.java:262) [tomcat-embed-core-9.0.44.jar:9.0.44]
	at org.apache.catalina.util.LifecycleBase.start(LifecycleBase.java:183) [tomcat-embed-core-9.0.44.jar:9.0.44]
	at org.apache.catalina.core.StandardService.startInternal(StandardService.java:434) [tomcat-embed-core-9.0.44.jar:9.0.44]
	at org.apache.catalina.util.LifecycleBase.start(LifecycleBase.java:183) [tomcat-embed-core-9.0.44.jar:9.0.44]
	at org.apache.catalina.core.StandardServer.startInternal(StandardServer.java:930) [tomcat-embed-core-9.0.44.jar:9.0.44]
	at org.apache.catalina.util.LifecycleBase.start(LifecycleBase.java:183) [tomcat-embed-core-9.0.44.jar:9.0.44]
	at org.apache.catalina.startup.Tomcat.start(Tomcat.java:486) [tomcat-embed-core-9.0.44.jar:9.0.44]
	at org.springframework.boot.web.embedded.tomcat.TomcatWebServer.initialize(TomcatWebServer.java:123) [spring-boot-2.4.4.jar:2.4.4]
	at org.springframework.boot.web.embedded.tomcat.TomcatWebServer.<init>(TomcatWebServer.java:104) [spring-boot-2.4.4.jar:2.4.4]
	at org.springframework.boot.web.embedded.tomcat.TomcatServletWebServerFactory.getTomcatWebServer(TomcatServletWebServerFactory.java:450) [spring-boot-2.4.4.jar:2.4.4]
	at org.springframework.boot.web.embedded.tomcat.TomcatServletWebServerFactory.getWebServer(TomcatServletWebServerFactory.java:199) [spring-boot-2.4.4.jar:2.4.4]
	at org.springframework.boot.web.servlet.context.ServletWebServerApplicationContext.createWebServer(ServletWebServerApplicationContext.java:181) [spring-boot-2.4.4.jar:2.4.4]
	at org.springframework.boot.web.servlet.context.ServletWebServerApplicationContext.onRefresh(ServletWebServerApplicationContext.java:159) [spring-boot-2.4.4.jar:2.4.4]
	at org.springframework.context.support.AbstractApplicationContext.refresh(AbstractApplicationContext.java:577) [spring-context-5.3.5.jar:5.3.5]
	at org.springframework.boot.web.servlet.context.ServletWebServerApplicationContext.refresh(ServletWebServerApplicationContext.java:144) [spring-boot-2.4.4.jar:2.4.4]
	at org.springframework.boot.SpringApplication.refresh(SpringApplication.java:769) [spring-boot-2.4.4.jar:2.4.4]
	at org.springframework.boot.SpringApplication.refresh(SpringApplication.java:761) [spring-boot-2.4.4.jar:2.4.4]
	at org.springframework.boot.SpringApplication.refreshContext(SpringApplication.java:426) [spring-boot-2.4.4.jar:2.4.4]
	at org.springframework.boot.SpringApplication.run(SpringApplication.java:326) [spring-boot-2.4.4.jar:2.4.4]
	at org.springframework.boot.SpringApplication.run(SpringApplication.java:1313) [spring-boot-2.4.4.jar:2.4.4]
	at org.springframework.boot.SpringApplication.run(SpringApplication.java:1302) [spring-boot-2.4.4.jar:2.4.4]
	at ru.itlab.BrainMinerApplication.main(BrainMinerApplication.java:17) [classes/:na]
	at sun.reflect.NativeMethodAccessorImpl.invoke0(Native Method) ~[na:1.8.0_271]
	at sun.reflect.NativeMethodAccessorImpl.invoke(NativeMethodAccessorImpl.java:62) ~[na:1.8.0_271]
	at sun.reflect.DelegatingMethodAccessorImpl.invoke(DelegatingMethodAccessorImpl.java:43) ~[na:1.8.0_271]
	at java.lang.reflect.Method.invoke(Method.java:498) ~[na:1.8.0_271]
	at org.springframework.boot.devtools.restart.RestartLauncher.run(RestartLauncher.java:49) [spring-boot-devtools-2.4.4.jar:2.4.4]

2021-05-20 00:00:23.599  WARN 7092 --- [restartedMain] o.a.tomcat.util.scan.StandardJarScanner  : Failed to scan [file:/C:/Users/rprob/.m2/repository/com/sun/xml/bind/jaxb-impl/2.3.0.1/jaxb-core.jar] from classloader hierarchy

java.io.FileNotFoundException: C:\Users\rprob\.m2\repository\com\sun\xml\bind\jaxb-impl\2.3.0.1\jaxb-core.jar (Не удается найти указанный файл)
	at java.util.zip.ZipFile.open(Native Method) ~[na:1.8.0_271]
	at java.util.zip.ZipFile.<init>(ZipFile.java:225) ~[na:1.8.0_271]
	at java.util.zip.ZipFile.<init>(ZipFile.java:155) ~[na:1.8.0_271]
	at java.util.jar.JarFile.<init>(JarFile.java:167) ~[na:1.8.0_271]
	at java.util.jar.JarFile.<init>(JarFile.java:131) ~[na:1.8.0_271]
	at org.apache.tomcat.util.compat.JreCompat.jarFileNewInstance(JreCompat.java:241) ~[tomcat-embed-core-9.0.44.jar:9.0.44]
	at org.apache.tomcat.util.scan.JarFileUrlJar.<init>(JarFileUrlJar.java:65) ~[tomcat-embed-core-9.0.44.jar:9.0.44]
	at org.apache.tomcat.util.scan.JarFactory.newInstance(JarFactory.java:49) ~[tomcat-embed-core-9.0.44.jar:9.0.44]
	at org.apache.tomcat.util.scan.StandardJarScanner.process(StandardJarScanner.java:383) [tomcat-embed-core-9.0.44.jar:9.0.44]
	at org.apache.tomcat.util.scan.StandardJarScanner.processURLs(StandardJarScanner.java:318) [tomcat-embed-core-9.0.44.jar:9.0.44]
	at org.apache.tomcat.util.scan.StandardJarScanner.doScanClassPath(StandardJarScanner.java:270) [tomcat-embed-core-9.0.44.jar:9.0.44]
	at org.apache.tomcat.util.scan.StandardJarScanner.scan(StandardJarScanner.java:233) [tomcat-embed-core-9.0.44.jar:9.0.44]
	at org.apache.jasper.servlet.TldScanner.scanJars(TldScanner.java:262) [tomcat-embed-jasper-9.0.44.jar:9.0.44]
	at org.apache.jasper.servlet.TldScanner.scan(TldScanner.java:104) [tomcat-embed-jasper-9.0.44.jar:9.0.44]
	at org.apache.jasper.servlet.JasperInitializer.onStartup(JasperInitializer.java:83) [tomcat-embed-jasper-9.0.44.jar:9.0.44]
	at org.apache.catalina.core.StandardContext.startInternal(StandardContext.java:5166) [tomcat-embed-core-9.0.44.jar:9.0.44]
	at org.apache.catalina.util.LifecycleBase.start(LifecycleBase.java:183) [tomcat-embed-core-9.0.44.jar:9.0.44]
	at org.apache.catalina.core.ContainerBase$StartChild.call(ContainerBase.java:1384) [tomcat-embed-core-9.0.44.jar:9.0.44]
	at org.apache.catalina.core.ContainerBase$StartChild.call(ContainerBase.java:1374) [tomcat-embed-core-9.0.44.jar:9.0.44]
	at java.util.concurrent.FutureTask.run(FutureTask.java:266) [na:1.8.0_271]
	at org.apache.tomcat.util.threads.InlineExecutorService.execute(InlineExecutorService.java:75) [tomcat-embed-core-9.0.44.jar:9.0.44]
	at java.util.concurrent.AbstractExecutorService.submit(AbstractExecutorService.java:134) [na:1.8.0_271]
	at org.apache.catalina.core.ContainerBase.startInternal(ContainerBase.java:909) [tomcat-embed-core-9.0.44.jar:9.0.44]
	at org.apache.catalina.core.StandardHost.startInternal(StandardHost.java:843) [tomcat-embed-core-9.0.44.jar:9.0.44]
	at org.apache.catalina.util.LifecycleBase.start(LifecycleBase.java:183) [tomcat-embed-core-9.0.44.jar:9.0.44]
	at org.apache.catalina.core.ContainerBase$StartChild.call(ContainerBase.java:1384) [tomcat-embed-core-9.0.44.jar:9.0.44]
	at org.apache.catalina.core.ContainerBase$StartChild.call(ContainerBase.java:1374) [tomcat-embed-core-9.0.44.jar:9.0.44]
	at java.util.concurrent.FutureTask.run(FutureTask.java:266) [na:1.8.0_271]
	at org.apache.tomcat.util.threads.InlineExecutorService.execute(InlineExecutorService.java:75) [tomcat-embed-core-9.0.44.jar:9.0.44]
	at java.util.concurrent.AbstractExecutorService.submit(AbstractExecutorService.java:134) [na:1.8.0_271]
	at org.apache.catalina.core.ContainerBase.startInternal(ContainerBase.java:909) [tomcat-embed-core-9.0.44.jar:9.0.44]
	at org.apache.catalina.core.StandardEngine.startInternal(StandardEngine.java:262) [tomcat-embed-core-9.0.44.jar:9.0.44]
	at org.apache.catalina.util.LifecycleBase.start(LifecycleBase.java:183) [tomcat-embed-core-9.0.44.jar:9.0.44]
	at org.apache.catalina.core.StandardService.startInternal(StandardService.java:434) [tomcat-embed-core-9.0.44.jar:9.0.44]
	at org.apache.catalina.util.LifecycleBase.start(LifecycleBase.java:183) [tomcat-embed-core-9.0.44.jar:9.0.44]
	at org.apache.catalina.core.StandardServer.startInternal(StandardServer.java:930) [tomcat-embed-core-9.0.44.jar:9.0.44]
	at org.apache.catalina.util.LifecycleBase.start(LifecycleBase.java:183) [tomcat-embed-core-9.0.44.jar:9.0.44]
	at org.apache.catalina.startup.Tomcat.start(Tomcat.java:486) [tomcat-embed-core-9.0.44.jar:9.0.44]
	at org.springframework.boot.web.embedded.tomcat.TomcatWebServer.initialize(TomcatWebServer.java:123) [spring-boot-2.4.4.jar:2.4.4]
	at org.springframework.boot.web.embedded.tomcat.TomcatWebServer.<init>(TomcatWebServer.java:104) [spring-boot-2.4.4.jar:2.4.4]
	at org.springframework.boot.web.embedded.tomcat.TomcatServletWebServerFactory.getTomcatWebServer(TomcatServletWebServerFactory.java:450) [spring-boot-2.4.4.jar:2.4.4]
	at org.springframework.boot.web.embedded.tomcat.TomcatServletWebServerFactory.getWebServer(TomcatServletWebServerFactory.java:199) [spring-boot-2.4.4.jar:2.4.4]
	at org.springframework.boot.web.servlet.context.ServletWebServerApplicationContext.createWebServer(ServletWebServerApplicationContext.java:181) [spring-boot-2.4.4.jar:2.4.4]
	at org.springframework.boot.web.servlet.context.ServletWebServerApplicationContext.onRefresh(ServletWebServerApplicationContext.java:159) [spring-boot-2.4.4.jar:2.4.4]
	at org.springframework.context.support.AbstractApplicationContext.refresh(AbstractApplicationContext.java:577) [spring-context-5.3.5.jar:5.3.5]
	at org.springframework.boot.web.servlet.context.ServletWebServerApplicationContext.refresh(ServletWebServerApplicationContext.java:144) [spring-boot-2.4.4.jar:2.4.4]
	at org.springframework.boot.SpringApplication.refresh(SpringApplication.java:769) [spring-boot-2.4.4.jar:2.4.4]
	at org.springframework.boot.SpringApplication.refresh(SpringApplication.java:761) [spring-boot-2.4.4.jar:2.4.4]
	at org.springframework.boot.SpringApplication.refreshContext(SpringApplication.java:426) [spring-boot-2.4.4.jar:2.4.4]
	at org.springframework.boot.SpringApplication.run(SpringApplication.java:326) [spring-boot-2.4.4.jar:2.4.4]
	at org.springframework.boot.SpringApplication.run(SpringApplication.java:1313) [spring-boot-2.4.4.jar:2.4.4]
	at org.springframework.boot.SpringApplication.run(SpringApplication.java:1302) [spring-boot-2.4.4.jar:2.4.4]
	at ru.itlab.BrainMinerApplication.main(BrainMinerApplication.java:17) [classes/:na]
	at sun.reflect.NativeMethodAccessorImpl.invoke0(Native Method) ~[na:1.8.0_271]
	at sun.reflect.NativeMethodAccessorImpl.invoke(NativeMethodAccessorImpl.java:62) ~[na:1.8.0_271]
	at sun.reflect.DelegatingMethodAccessorImpl.invoke(DelegatingMethodAccessorImpl.java:43) ~[na:1.8.0_271]
	at java.lang.reflect.Method.invoke(Method.java:498) ~[na:1.8.0_271]
	at org.springframework.boot.devtools.restart.RestartLauncher.run(RestartLauncher.java:49) [spring-boot-devtools-2.4.4.jar:2.4.4]

2021-05-20 00:00:23.602  INFO 7092 --- [restartedMain] org.apache.jasper.servlet.TldScanner     : At least one JAR was scanned for TLDs yet contained no TLDs. Enable debug logging for this logger for a complete list of JARs that were scanned but no TLDs were found in them. Skipping unneeded JARs during scanning can improve startup time and JSP compilation time.
2021-05-20 00:00:23.605  INFO 7092 --- [restartedMain] o.a.c.c.C.[Tomcat].[localhost].[/]       : Initializing Spring embedded WebApplicationContext
2021-05-20 00:00:23.605  INFO 7092 --- [restartedMain] w.s.c.ServletWebServerApplicationContext : Root WebApplicationContext: initialization completed in 1997 ms
2021-05-20 00:00:23.733  INFO 7092 --- [restartedMain] o.hibernate.jpa.internal.util.LogHelper  : HHH000204: Processing PersistenceUnitInfo [name: default]
2021-05-20 00:00:23.767  INFO 7092 --- [restartedMain] org.hibernate.Version                    : HHH000412: Hibernate ORM core version 5.4.29.Final
2021-05-20 00:00:23.859  INFO 7092 --- [restartedMain] o.hibernate.annotations.common.Version   : HCANN000001: Hibernate Commons Annotations {5.1.2.Final}
2021-05-20 00:00:23.949  INFO 7092 --- [restartedMain] com.zaxxer.hikari.HikariDataSource       : HikariPool-1 - Starting...
2021-05-20 00:00:24.065  INFO 7092 --- [restartedMain] com.zaxxer.hikari.HikariDataSource       : HikariPool-1 - Start completed.
2021-05-20 00:00:24.078  INFO 7092 --- [restartedMain] org.hibernate.dialect.Dialect            : HHH000400: Using dialect: org.hibernate.dialect.MySQL8Dialect
2021-05-20 00:00:24.768  INFO 7092 --- [restartedMain] o.h.e.t.j.p.i.JtaPlatformInitiator       : HHH000490: Using JtaPlatform implementation: [org.hibernate.engine.transaction.jta.platform.internal.NoJtaPlatform]
2021-05-20 00:00:24.775  INFO 7092 --- [restartedMain] j.LocalContainerEntityManagerFactoryBean : Initialized JPA EntityManagerFactory for persistence unit 'default'
2021-05-20 00:00:24.811  INFO 7092 --- [restartedMain] o.s.b.d.a.OptionalLiveReloadServer       : LiveReload server is running on port 35729
2021-05-20 00:00:24.848  WARN 7092 --- [restartedMain] JpaBaseConfiguration$JpaWebConfiguration : spring.jpa.open-in-view is enabled by default. Therefore, database queries may be performed during view rendering. Explicitly configure spring.jpa.open-in-view to disable this warning
2021-05-20 00:00:25.694  INFO 7092 --- [restartedMain] o.s.s.web.DefaultSecurityFilterChain     : Will secure any request with [org.springframework.security.web.context.request.async.WebAsyncManagerIntegrationFilter@54556a9f, org.springframework.security.web.context.SecurityContextPersistenceFilter@76143f49, org.springframework.security.web.header.HeaderWriterFilter@70355a22, org.springframework.security.web.authentication.logout.LogoutFilter@7ce20e36, org.springframework.security.oauth2.client.web.OAuth2AuthorizationRequestRedirectFilter@3f690ea1, org.springframework.security.oauth2.client.web.OAuth2LoginAuthenticationFilter@2711001c, org.springframework.security.web.authentication.UsernamePasswordAuthenticationFilter@50222711, org.springframework.security.web.authentication.ui.DefaultLoginPageGeneratingFilter@c4cc418, org.springframework.security.web.authentication.ui.DefaultLogoutPageGeneratingFilter@e548a24, org.springframework.security.web.savedrequest.RequestCacheAwareFilter@7fe93d7a, org.springframework.security.web.servletapi.SecurityContextHolderAwareRequestFilter@6adfa106, org.springframework.security.web.authentication.AnonymousAuthenticationFilter@7b27d27c, org.springframework.security.web.session.SessionManagementFilter@6c6fd76c, org.springframework.security.web.access.ExceptionTranslationFilter@2ebaf5f2, org.springframework.security.web.access.intercept.FilterSecurityInterceptor@62a9854e]
2021-05-20 00:00:26.022  WARN 7092 --- [restartedMain] o.s.b.a.f.FreeMarkerAutoConfiguration    : Cannot find template location(s): [classpath:/templates/] (please add some templates, check your FreeMarker configuration, or set spring.freemarker.checkTemplateLocation=false)
2021-05-20 00:00:26.089  INFO 7092 --- [restartedMain] o.s.b.w.embedded.tomcat.TomcatWebServer  : Tomcat started on port(s): 8080 (http) with context path ''
2021-05-20 00:00:26.097  INFO 7092 --- [restartedMain] ru.itlab.BrainMinerApplication           : Started BrainMinerApplication in 4.968 seconds (JVM running for 5.824)
2021-05-20 00:00:27.142  INFO 7092 --- [http-nio-8080-exec-2] o.a.c.c.C.[Tomcat].[localhost].[/]       : Initializing Spring DispatcherServlet 'dispatcherServlet'
2021-05-20 00:00:27.142  INFO 7092 --- [http-nio-8080-exec-2] o.s.web.servlet.DispatcherServlet        : Initializing Servlet 'dispatcherServlet'
2021-05-20 00:00:27.144  INFO 7092 --- [http-nio-8080-exec-2] o.s.web.servlet.DispatcherServlet        : Completed initialization in 1 ms
2021-05-20 00:00:29.532  WARN 7092 --- [http-nio-8080-exec-4] o.s.web.servlet.PageNotFound             : No mapping for GET /img/background.png
